<?xml version="1.0" encoding="UTF-8"?>
<testng-results ignored="17" total="18" passed="1" failed="0" skipped="0">
  <reporter-output>
  </reporter-output>
  <suite started-at="2022-02-24T13:36:27Z" name="Default suite" finished-at="2022-02-24T13:36:29Z" duration-ms="1303">
    <groups>
    </groups>
    <test started-at="2022-02-24T13:36:27Z" name="Default test" finished-at="2022-02-24T13:36:29Z" duration-ms="1303">
      <class name="api.com.tests.apiTestScript">
        <test-method signature="validateResponseBodyPojoPostUsingRandomUtils()[pri:0, instance:api.com.tests.apiTestScript@d9345cd]" started-at="2022-02-24T19:06:27Z" name="validateResponseBodyPojoPostUsingRandomUtils" description="Validate the status code for GET users endpoint by using FileInsputStream " finished-at="2022-02-24T19:06:29Z" duration-ms="1289" status="PASS">
          <reporter-output>
          </reporter-output>
        </test-method> <!-- validateResponseBodyPojoPostUsingRandomUtils -->
      </class> <!-- api.com.tests.apiTestScript -->
    </test> <!-- Default test -->
  </suite> <!-- Default suite -->
</testng-results>
