<?xml version="1.0" encoding="UTF-8"?>
<!-- Generated by org.testng.reporters.JUnitXMLReporter -->
<testsuite ignored="17" hostname="Bijus-MacBook-Pro.local" failures="0" tests="1" name="Default test" time="1.303" errors="0" timestamp="24 Feb 2022 13:36:29 GMT">
  <testcase classname="api.com.tests.apiTestScript" name="validateResponseBodyPojoPostUsingRandomUtils" time="1.289"/>
  <testcase classname="api.com.tests.apiTestScript" name="validateResponseBodyGetPathParam" time="0.0">
    <ignored/>
  </testcase> <!-- validateResponseBodyGetPathParam -->
  <testcase classname="api.com.tests.apiTestScript" name="validateResponseBodyPojoPostUsingEncapsulation" time="0.0">
    <ignored/>
  </testcase> <!-- validateResponseBodyPojoPostUsingEncapsulation -->
  <testcase classname="api.com.tests.apiTestScript" name="validateResponseBodyPojoPostHappypath" time="0.0">
    <ignored/>
  </testcase> <!-- validateResponseBodyPojoPostHappypath -->
  <testcase classname="api.com.tests.apiTestScript" name="validateResponseBodyGetBasicAuth" time="0.0">
    <ignored/>
  </testcase> <!-- validateResponseBodyGetBasicAuth -->
  <testcase classname="api.com.tests.apiTestScript" name="validateResponseBodyGetDigestAuth" time="0.0">
    <ignored/>
  </testcase> <!-- validateResponseBodyGetDigestAuth -->
  <testcase classname="api.com.tests.apiTestScript" name="validateStatusCodeGetUserPropertiesFileAndTestDatafile" time="0.0">
    <ignored/>
  </testcase> <!-- validateStatusCodeGetUserPropertiesFileAndTestDatafile -->
  <testcase classname="api.com.tests.apiTestScript" name="validateStatusCodeGetUsers" time="0.0">
    <ignored/>
  </testcase> <!-- validateStatusCodeGetUsers -->
  <testcase classname="api.com.tests.apiTestScript" name="validateStatusCodeGetUser" time="0.0">
    <ignored/>
  </testcase> <!-- validateStatusCodeGetUser -->
  <testcase classname="api.com.tests.apiTestScript" name="validateResponseBodyGetOauth2Auth" time="0.0">
    <ignored/>
  </testcase> <!-- validateResponseBodyGetOauth2Auth -->
  <testcase classname="api.com.tests.apiTestScript" name="validateResponseBodyGetOauth2WithHeader" time="0.0">
    <ignored/>
  </testcase> <!-- validateResponseBodyGetOauth2WithHeader -->
  <testcase classname="api.com.tests.apiTestScript" name="validateStatusCodeGetUserPropertiesFile" time="0.0">
    <ignored/>
  </testcase> <!-- validateStatusCodeGetUserPropertiesFile -->
  <testcase classname="api.com.tests.apiTestScript" name="validateResponseBody" time="0.0">
    <ignored/>
  </testcase> <!-- validateResponseBody -->
  <testcase classname="api.com.tests.apiTestScript" name="validateResponseBodyPojoPost" time="0.0">
    <ignored/>
  </testcase> <!-- validateResponseBodyPojoPost -->
  <testcase classname="api.com.tests.apiTestScript" name="validateResponseBodyFetchingEmail" time="0.0">
    <ignored/>
  </testcase> <!-- validateResponseBodyFetchingEmail -->
  <testcase classname="api.com.tests.apiTestScript" name="validateResponseBodyGetHeader" time="0.0">
    <ignored/>
  </testcase> <!-- validateResponseBodyGetHeader -->
  <testcase classname="api.com.tests.apiTestScript" name="validateResponseBodyGetOauth1Auth" time="0.0">
    <ignored/>
  </testcase> <!-- validateResponseBodyGetOauth1Auth -->
  <testcase classname="api.com.tests.apiTestScript" name="validateStatusCodeGetUsersByFetchingEndpoint" time="0.0">
    <ignored/>
  </testcase> <!-- validateStatusCodeGetUsersByFetchingEndpoint -->
</testsuite> <!-- Default test -->
